TASK2(GOLDEN)/Word_To_PDF/app/build/intermediates/manifest_merge_blame_file/debug/manifest-merger-blame-debug-report.txt
1<?xml version="1.0" encoding="utf-8"?>
2<manifest xmlns:android="http://schemas.android.com/apk/res/android"
3    package="com.project.wordtopdf"
4    android:versionCode="108"
5    android:versionName="8.8.1" >
6
7    <uses-sdk
8        android:minSdkVersion="21"
8-->src\main\AndroidManifest.xml
9        android:targetSdkVersion="30" />
9-->src\main\AndroidManifest.xml
10
11    <uses-permission
11-->src\main\AndroidManifest.xml:5:1-8:36
12        android:name="android.permission.WRITE_EXTERNAL_STORAGE"
12-->src\main\AndroidManifest.xml:6:5-61
13        android:maxSdkVersion="28" />
13-->src\main\AndroidManifest.xml:7:5-31
14    <uses-permission android:name="android.permission.READ_EXTERNAL_STORAGE" />
14-->src\main\AndroidManifest.xml:9:1-76
14-->src\main\AndroidManifest.xml:9:18-73
15
16    <uses-feature android:name="android.hardware.camera" />
16-->src\main\AndroidManifest.xml:11:1-56
16-->src\main\AndroidManifest.xml:11:15-53
17    <uses-feature
17-->src\main\AndroidManifest.xml:12:1-14:32
18        android:name="android.hardware.camera.autofocus"
18-->src\main\AndroidManifest.xml:13:5-53
19        android:required="false" />
19-->src\main\AndroidManifest.xml:14:5-29
20
21    <uses-permission android:name="android.permission.CAMERA" />
21-->src\main\AndroidManifest.xml:16:1-61
21-->src\main\AndroidManifest.xml:16:18-58
22
23    <application
24        android:name="androidx.multidex.MultiDexApplication"
24-->src\main\AndroidManifest.xml:19:5-57
25        android:allowBackup="true"
25-->src\main\AndroidManifest.xml:20:5-31
26        android:appComponentFactory="androidx.core.app.CoreComponentFactory"
26-->[androidx.core:core:1.5.0] AndroidManifest.xml:24:18-86
27        android:authorities="com.project.wordtopdf.contentprovider"
27-->src\main\AndroidManifest.xml:21:5-59
28        android:debuggable="true"
29        android:fullBackupContent="@xml/backup_descriptor"
29-->src\main\AndroidManifest.xml:22:5-55
30        android:hardwareAccelerated="true"
30-->src\main\AndroidManifest.xml:23:5-39
31        android:icon="@drawable/pdfimage"
31-->src\main\AndroidManifest.xml:24:5-38
32        android:label="@string/app_name"
32-->src\main\AndroidManifest.xml:25:5-37
33        android:largeHeap="true"
33-->src\main\AndroidManifest.xml:26:5-29
34        android:supportsRtl="true"
34-->src\main\AndroidManifest.xml:27:5-31
35        android:testOnly="true"
36        android:theme="@style/Theme.AppCompat.Light.DarkActionBar" >
36-->src\main\AndroidManifest.xml:28:5-63
37        <provider
37-->src\main\AndroidManifest.xml:31:5-39:16
38            android:name="androidx.core.content.FileProvider"
38-->src\main\AndroidManifest.xml:32:9-58
39            android:authorities="com.com.shareFile"
39-->src\main\AndroidManifest.xml:33:9-48
40            android:exported="false"
40-->src\main\AndroidManifest.xml:34:9-33
41            android:grantUriPermissions="true" >
41-->src\main\AndroidManifest.xml:35:9-43
42            <meta-data
42-->src\main\AndroidManifest.xml:36:9-38:54
43                android:name="android.support.FILE_PROVIDER_PATHS"
43-->src\main\AndroidManifest.xml:37:13-63
44                android:resource="@xml/provider_paths" />
44-->src\main\AndroidManifest.xml:38:13-51
45        </provider>
46
47        <activity
47-->src\main\AndroidManifest.xml:41:5-46:16
48            android:name="com.project.wordtopdf.activities.HomeActivity"
48-->src\main\AndroidManifest.xml:42:9-69
49            android:exported="true"
49-->src\main\AndroidManifest.xml:43:9-32
50            android:screenOrientation="portrait" >
50-->src\main\AndroidManifest.xml:44:9-45
51        </activity>
52
53        <meta-data
53-->src\main\AndroidManifest.xml:49:5-51:48
54            android:name="com.google.android.gms.ads.APPLICATION_ID"
54-->src\main\AndroidManifest.xml:50:9-65
55            android:value="@string/app_id_admob" />
55-->src\main\AndroidManifest.xml:51:9-45
56        <meta-data
56-->src\main\AndroidManifest.xml:52:5-54:53
57            android:name="preloaded_fonts"
57-->src\main\AndroidManifest.xml:53:9-39
58            android:resource="@array/preloaded_fonts" />
58-->src\main\AndroidManifest.xml:54:9-50
59
60        <activity
60-->src\main\AndroidManifest.xml:56:5-58:48
61            android:name="com.project.wordtopdf.activities.SecondActivity"
61-->src\main\AndroidManifest.xml:57:9-71
62            android:screenOrientation="portrait" />
62-->src\main\AndroidManifest.xml:58:9-45
63        <activity android:name="com.project.wordtopdf.activities.SplashActivity" >
63-->src\main\AndroidManifest.xml:60:5-66:16
63-->src\main\AndroidManifest.xml:60:15-77
64            <intent-filter>
64-->src\main\AndroidManifest.xml:61:9-64:25
65                <action android:name="android.intent.action.MAIN" />
65-->src\main\AndroidManifest.xml:62:13-65
65-->src\main\AndroidManifest.xml:62:21-62
66
67                <category android:name="android.intent.category.LAUNCHER" />
67-->src\main\AndroidManifest.xml:63:13-73
67-->src\main\AndroidManifest.xml:63:23-70
68            </intent-filter>
69        </activity>
70        <activity
70-->src\main\AndroidManifest.xml:68:5-70:48
71            android:name="com.project.wordtopdf.activities.AboutActivity"
71-->src\main\AndroidManifest.xml:69:9-70
72            android:screenOrientation="portrait" />
72-->src\main\AndroidManifest.xml:70:9-45
73        <activity android:name="com.zhihu.matisse.ui.MatisseActivity" />
73-->[com.zhihu.android:matisse:0.5.3-beta3] AndroidManifest.xml:28:9-73
73-->[com.zhihu.android:matisse:0.5.3-beta3] AndroidManifest.xml:28:19-70
74        <activity android:name="com.zhihu.matisse.internal.ui.AlbumPreviewActivity" />
74-->[com.zhihu.android:matisse:0.5.3-beta3] AndroidManifest.xml:29:9-87
74-->[com.zhihu.android:matisse:0.5.3-beta3] AndroidManifest.xml:29:19-84
75        <activity android:name="com.zhihu.matisse.internal.ui.SelectedPreviewActivity" />
75-->[com.zhihu.android:matisse:0.5.3-beta3] AndroidManifest.xml:30:9-90
75-->[com.zhihu.android:matisse:0.5.3-beta3] AndroidManifest.xml:30:19-87
76
77        <service
77-->[androidx.room:room-runtime:2.3.0] AndroidManifest.xml:25:9-28:40
78            android:name="androidx.room.MultiInstanceInvalidationService"
78-->[androidx.room:room-runtime:2.3.0] AndroidManifest.xml:26:13-74
79            android:directBootAware="true"
79-->[androidx.room:room-runtime:2.3.0] AndroidManifest.xml:27:13-43
80            android:exported="false" />
80-->[androidx.room:room-runtime:2.3.0] AndroidManifest.xml:28:13-37
81
82        <activity
82-->[lib.kashif:folderpicker:2.4] AndroidManifest.xml:15:9-17:52
83            android:name="lib.folderpicker.FolderPicker"
83-->[lib.kashif:folderpicker:2.4] AndroidManifest.xml:16:13-57
84            android:screenOrientation="portrait" />
84-->[lib.kashif:folderpicker:2.4] AndroidManifest.xml:17:13-49
85    </application>
86
87</manifest>